<?xml version="1.0" encoding="utf-8"?><testsuites name="pytest tests"><testsuite name="pytest" errors="0" failures="0" skipped="0" tests="26" time="5.370" timestamp="2026-02-15T09:50:44.809244+00:00" hostname="agent-env-c82e70d2-fc92-46a0-926a-995a64e7e191"><testcase classname="backend.tests.test_admin_new_features.TestAdminAnalytics" name="test_admin_analytics_returns_all_fields" time="0.486" /><testcase classname="backend.tests.test_admin_new_features.TestAdminAnalytics" name="test_analytics_requires_auth" time="0.101" /><testcase classname="backend.tests.test_admin_new_features.TestChatAnalytics" name="test_chat_analytics_returns_expected_fields" time="0.176" /><testcase classname="backend.tests.test_admin_new_features.TestChatAnalytics" name="test_chat_analytics_requires_auth" time="0.102" /><testcase classname="backend.tests.test_admin_new_features.TestModerationTab" name="test_get_all_chats_for_moderation" time="0.113" /><testcase classname="backend.tests.test_admin_new_features.TestModerationTab" name="test_get_chat_messages" time="0.192" /><testcase classname="backend.tests.test_admin_new_features.TestModerationTab" name="test_moderation_requires_auth" time="0.096" /><testcase classname="backend.tests.test_admin_new_features.TestAnnouncements" name="test_create_announcement" time="0.097" /><testcase classname="backend.tests.test_admin_new_features.TestAnnouncements" name="test_get_all_announcements" time="0.117" /><testcase classname="backend.tests.test_admin_new_features.TestAnnouncements" name="test_update_announcement" time="0.540" /><testcase classname="backend.tests.test_admin_new_features.TestAnnouncements" name="test_delete_announcement" time="0.414" /><testcase classname="backend.tests.test_admin_new_features.TestAnnouncements" name="test_get_active_announcements_public" time="0.101" /><testcase classname="backend.tests.test_admin_new_features.TestNotifications" name="test_send_notification_to_user" time="0.112" /><testcase classname="backend.tests.test_admin_new_features.TestNotifications" name="test_send_broadcast_notification" time="0.122" /><testcase classname="backend.tests.test_admin_new_features.TestNotifications" name="test_get_admin_notifications_list" time="0.126" /><testcase classname="backend.tests.test_admin_new_features.TestRevenueDashboard" name="test_revenue_analytics_returns_mocked_data" time="0.096" /><testcase classname="backend.tests.test_admin_new_features.TestRevenueDashboard" name="test_revenue_requires_auth" time="0.096" /><testcase classname="backend.tests.test_admin_new_features.TestAdminsManagement" name="test_get_all_admins" time="0.127" /><testcase classname="backend.tests.test_admin_new_features.TestAdminsManagement" name="test_create_new_admin" time="0.489" /><testcase classname="backend.tests.test_admin_new_features.TestAdminsManagement" name="test_delete_admin" time="0.531" /><testcase classname="backend.tests.test_admin_new_features.TestActivityLogs" name="test_get_activity_logs" time="0.104" /><testcase classname="backend.tests.test_admin_new_features.TestActivityLogs" name="test_get_activity_logs_summary" time="0.112" /><testcase classname="backend.tests.test_admin_new_features.TestActivityLogs" name="test_activity_logs_require_auth" time="0.095" /><testcase classname="backend.tests.test_admin_new_features.TestCharacterEdit" name="test_get_all_characters_admin" time="0.152" /><testcase classname="backend.tests.test_admin_new_features.TestCharacterEdit" name="test_update_character" time="0.356" /><testcase classname="backend.tests.test_admin_new_features.TestCleanup" name="test_cleanup_test_announcements" time="0.222" /></testsuite></testsuites>