<?xml version="1.0" encoding="utf-8"?><testsuites name="pytest tests"><testsuite name="pytest" errors="0" failures="0" skipped="0" tests="27" time="9.233" timestamp="2026-02-15T09:28:37.613035+00:00" hostname="agent-env-c82e70d2-fc92-46a0-926a-995a64e7e191"><testcase classname="backend.tests.test_admin_blog.TestAdminLogin" name="test_admin_login_success" time="0.430" /><testcase classname="backend.tests.test_admin_blog.TestAdminLogin" name="test_admin_login_wrong_password" time="0.336" /><testcase classname="backend.tests.test_admin_blog.TestAdminLogin" name="test_admin_login_wrong_email" time="0.291" /><testcase classname="backend.tests.test_admin_blog.TestAdminVerify" name="test_admin_verify_valid_token" time="0.453" /><testcase classname="backend.tests.test_admin_blog.TestAdminVerify" name="test_admin_verify_no_token" time="0.135" /><testcase classname="backend.tests.test_admin_blog.TestAdminVerify" name="test_admin_verify_invalid_token" time="0.125" /><testcase classname="backend.tests.test_admin_blog.TestAdminAnalytics" name="test_get_analytics" time="0.430" /><testcase classname="backend.tests.test_admin_blog.TestAdminAnalytics" name="test_analytics_requires_auth" time="0.098" /><testcase classname="backend.tests.test_admin_blog.TestAdminUsers" name="test_get_all_users" time="0.553" /><testcase classname="backend.tests.test_admin_blog.TestAdminUsers" name="test_users_pagination" time="0.105" /><testcase classname="backend.tests.test_admin_blog.TestAdminCharacters" name="test_get_all_characters" time="0.495" /><testcase classname="backend.tests.test_admin_blog.TestPublicBlogEndpoints" name="test_get_blog_posts" time="0.108" /><testcase classname="backend.tests.test_admin_blog.TestPublicBlogEndpoints" name="test_get_blog_posts_pagination" time="0.109" /><testcase classname="backend.tests.test_admin_blog.TestPublicBlogEndpoints" name="test_get_blog_categories" time="0.097" /><testcase classname="backend.tests.test_admin_blog.TestPublicBlogEndpoints" name="test_get_blog_tags" time="0.102" /><testcase classname="backend.tests.test_admin_blog.TestAdminBlogCRUD" name="test_create_blog_post" time="0.484" /><testcase classname="backend.tests.test_admin_blog.TestAdminBlogCRUD" name="test_get_admin_blog_posts" time="0.105" /><testcase classname="backend.tests.test_admin_blog.TestAdminBlogCRUD" name="test_update_blog_post" time="0.365" /><testcase classname="backend.tests.test_admin_blog.TestAdminBlogCRUD" name="test_get_single_blog_post_admin" time="0.534" /><testcase classname="backend.tests.test_admin_blog.TestAdminBlogCRUD" name="test_delete_blog_post" time="0.355" /><testcase classname="backend.tests.test_admin_blog.TestAdminBlogCRUD" name="test_duplicate_slug_rejected" time="0.322" /><testcase classname="backend.tests.test_admin_blog.TestPublicBlogBySlug" name="test_get_published_post_by_slug" time="0.677" /><testcase classname="backend.tests.test_admin_blog.TestPublicBlogBySlug" name="test_draft_post_not_visible_publicly" time="0.299" /><testcase classname="backend.tests.test_admin_blog.TestPublicBlogBySlug" name="test_nonexistent_slug_returns_404" time="0.101" /><testcase classname="backend.tests.test_admin_blog.TestBlogFiltering" name="test_filter_by_category" time="0.752" /><testcase classname="backend.tests.test_admin_blog.TestBlogFiltering" name="test_filter_by_tag" time="0.311" /><testcase classname="backend.tests.test_admin_blog.TestRelatedPosts" name="test_get_related_posts" time="0.972" /></testsuite></testsuites>