<?xml version="1.0" encoding="utf-8"?><testsuites name="pytest tests"><testsuite name="pytest" errors="0" failures="0" skipped="0" tests="20" time="4.911" timestamp="2026-02-15T10:47:35.108505+00:00" hostname="agent-env-be7b9509-30dc-4038-aa45-0fc1f2836ea2"><testcase classname="tests.test_push_notifications.TestVAPIDPublicKey" name="test_get_vapid_public_key" time="0.212" /><testcase classname="tests.test_push_notifications.TestUserRegistrationAndLogin" name="test_signup_returns_token" time="0.345" /><testcase classname="tests.test_push_notifications.TestUserRegistrationAndLogin" name="test_user_has_id" time="0.000" /><testcase classname="tests.test_push_notifications.TestPushSubscription" name="test_subscribe_requires_auth" time="0.124" /><testcase classname="tests.test_push_notifications.TestPushSubscription" name="test_subscribe_with_valid_auth" time="0.537" /><testcase classname="tests.test_push_notifications.TestPushSubscription" name="test_unsubscribe_requires_auth" time="0.098" /><testcase classname="tests.test_push_notifications.TestPushSubscription" name="test_unsubscribe_with_valid_auth" time="0.103" /><testcase classname="tests.test_push_notifications.TestPushPreferences" name="test_get_preferences_returns_defaults" time="0.583" /><testcase classname="tests.test_push_notifications.TestPushPreferences" name="test_update_preferences" time="0.130" /><testcase classname="tests.test_push_notifications.TestPushPreferences" name="test_verify_updated_preferences" time="0.251" /><testcase classname="tests.test_push_notifications.TestGenerateNotification" name="test_generate_notification_random" time="0.615" /><testcase classname="tests.test_push_notifications.TestGenerateNotification" name="test_generate_notification_inactivity" time="0.111" /><testcase classname="tests.test_push_notifications.TestGenerateNotification" name="test_notification_respects_disabled_prefs" time="0.240" /><testcase classname="tests.test_push_notifications.TestNotificationHistory" name="test_get_notification_history" time="0.423" /><testcase classname="tests.test_push_notifications.TestCheckInactivity" name="test_check_inactivity_endpoint" time="0.117" /><testcase classname="tests.test_push_notifications.TestUpdateActivity" name="test_update_activity_with_auth" time="0.416" /><testcase classname="tests.test_push_notifications.TestUpdateActivity" name="test_update_activity_without_auth" time="0.108" /><testcase classname="tests.test_push_notifications.TestCharactersEndpoint" name="test_get_characters" time="0.109" /><testcase classname="tests.test_push_notifications.TestCharactersEndpoint" name="test_get_characters_by_category" time="0.296" /><testcase classname="tests.test_push_notifications.TestCleanup" name="test_cleanup_note" time="0.000" /></testsuite></testsuites>