<?xml version="1.0" encoding="utf-8"?><testsuites name="pytest tests"><testsuite name="pytest" errors="0" failures="0" skipped="0" tests="19" time="9.395" timestamp="2026-02-14T09:23:16.501249+00:00" hostname="agent-env-d726d391-7aef-4117-8a47-aff5bf7d5671"><testcase classname="backend.tests.test_api.TestHealth" name="test_api_reachable" time="0.157" /><testcase classname="backend.tests.test_api.TestCharactersAPI" name="test_get_all_characters" time="0.136" /><testcase classname="backend.tests.test_api.TestCharactersAPI" name="test_get_characters_category_girls" time="0.110" /><testcase classname="backend.tests.test_api.TestCharactersAPI" name="test_get_characters_category_anime" time="0.149" /><testcase classname="backend.tests.test_api.TestCharactersAPI" name="test_get_characters_category_guys" time="0.102" /><testcase classname="backend.tests.test_api.TestCharactersAPI" name="test_get_single_character" time="0.203" /><testcase classname="backend.tests.test_api.TestCharactersAPI" name="test_get_nonexistent_character" time="0.106" /><testcase classname="backend.tests.test_api.TestCharactersAPI" name="test_character_data_structure" time="0.100" /><testcase classname="backend.tests.test_api.TestAuthAPI" name="test_signup_new_user" time="0.342" /><testcase classname="backend.tests.test_api.TestAuthAPI" name="test_signup_duplicate_email" time="0.616" /><testcase classname="backend.tests.test_api.TestAuthAPI" name="test_login_with_valid_credentials" time="1.118" /><testcase classname="backend.tests.test_api.TestAuthAPI" name="test_login_with_invalid_credentials" time="0.097" /><testcase classname="backend.tests.test_api.TestAuthAPI" name="test_auth_me_without_token" time="0.107" /><testcase classname="backend.tests.test_api.TestAuthAPI" name="test_google_session_invalid" time="0.221" /><testcase classname="backend.tests.test_api.TestAuthAPI" name="test_logout" time="0.103" /><testcase classname="backend.tests.test_api.TestChatAPI" name="test_send_chat_message" time="2.350" /><testcase classname="backend.tests.test_api.TestChatAPI" name="test_get_chat_history" time="1.836" /><testcase classname="backend.tests.test_api.TestChatAPI" name="test_send_chat_invalid_character" time="0.433" /><testcase classname="backend.tests.test_api.TestVoiceAPI" name="test_voice_generate" time="1.037" /></testsuite></testsuites>