<?xml version="1.0" encoding="utf-8"?><testsuites name="pytest tests"><testsuite name="pytest" errors="0" failures="0" skipped="0" tests="14" time="6.409" timestamp="2026-02-15T10:59:59.924021+00:00" hostname="agent-env-be7b9509-30dc-4038-aa45-0fc1f2836ea2"><testcase classname="backend.tests.test_payments.TestPaymentPlans" name="test_get_subscription_plans" time="0.176" /><testcase classname="backend.tests.test_payments.TestPaymentPlans" name="test_plan_structure" time="0.120" /><testcase classname="backend.tests.test_payments.TestPaymentPlans" name="test_plan_prices" time="0.103" /><testcase classname="backend.tests.test_payments.TestPaymentCheckout" name="test_checkout_requires_auth" time="0.122" /><testcase classname="backend.tests.test_payments.TestPaymentCheckout" name="test_checkout_invalid_plan" time="0.431" /><testcase classname="backend.tests.test_payments.TestPaymentCheckout" name="test_stripe_checkout_session_creation" time="0.636" /><testcase classname="backend.tests.test_payments.TestPaymentCheckout" name="test_paypal_checkout_mock" time="0.105" /><testcase classname="backend.tests.test_payments.TestPaymentCheckout" name="test_checkout_all_plans" time="1.937" /><testcase classname="backend.tests.test_payments.TestPaymentStatus" name="test_payment_status_valid_session" time="1.469" /><testcase classname="backend.tests.test_payments.TestPaymentStatus" name="test_payment_status_invalid_session" time="0.114" /><testcase classname="backend.tests.test_payments.TestUserSubscription" name="test_subscription_requires_auth" time="0.107" /><testcase classname="backend.tests.test_payments.TestUserSubscription" name="test_new_user_has_free_plan" time="0.472" /><testcase classname="backend.tests.test_payments.TestPaymentHistory" name="test_history_requires_auth" time="0.112" /><testcase classname="backend.tests.test_payments.TestPaymentHistory" name="test_get_payment_history" time="0.434" /></testsuite></testsuites>