<?xml version="1.0" encoding="utf-8"?><testsuites name="pytest tests"><testsuite name="pytest" errors="0" failures="0" skipped="0" tests="16" time="18.876" timestamp="2026-02-15T02:05:35.902610+00:00" hostname="agent-env-d726d391-7aef-4117-8a47-aff5bf7d5671"><testcase classname="backend.tests.test_new_features.TestFavoritesAPI" name="test_add_favorite" time="0.804" /><testcase classname="backend.tests.test_new_features.TestFavoritesAPI" name="test_add_favorite_duplicate" time="0.058" /><testcase classname="backend.tests.test_new_features.TestFavoritesAPI" name="test_check_favorite_status" time="0.061" /><testcase classname="backend.tests.test_new_features.TestFavoritesAPI" name="test_get_favorites_list" time="0.065" /><testcase classname="backend.tests.test_new_features.TestFavoritesAPI" name="test_remove_favorite" time="0.061" /><testcase classname="backend.tests.test_new_features.TestFavoritesAPI" name="test_check_removed_favorite" time="0.063" /><testcase classname="backend.tests.test_new_features.TestCustomCharactersAPI" name="test_create_custom_character" time="0.071" /><testcase classname="backend.tests.test_new_features.TestCustomCharactersAPI" name="test_get_my_characters" time="0.073" /><testcase classname="backend.tests.test_new_features.TestCustomCharactersAPI" name="test_get_custom_character_by_id" time="0.088" /><testcase classname="backend.tests.test_new_features.TestCustomCharactersAPI" name="test_custom_character_not_found" time="0.073" /><testcase classname="backend.tests.test_new_features.TestCustomCharactersAPI" name="test_delete_custom_character" time="0.061" /><testcase classname="backend.tests.test_new_features.TestCustomCharactersAPI" name="test_deleted_character_not_found" time="0.073" /><testcase classname="backend.tests.test_new_features.TestImagesAPI" name="test_get_my_images_empty" time="0.062" /><testcase classname="backend.tests.test_new_features.TestImagesAPI" name="test_image_generate_endpoint_exists" time="16.614" /><testcase classname="backend.tests.test_new_features.TestImagesAPI" name="test_delete_image_not_found" time="0.104" /><testcase classname="backend.tests.test_new_features.TestFavoriteToggleOnChat" name="test_favorite_workflow" time="0.478" /></testsuite></testsuites>